Checking access to: fournisseurs - Authenticated: False
Unauthorized access attempt to /fournisseurs/
Checking access to: fournisseurs - Authenticated: False
Unauthorized access attempt to /fournisseurs/
Checking access to: login - Authenticated: False
Checking access to: login - Authenticated: False
Checking access to: login - Authenticated: False
Checking access to: login - Authenticated: False
Checking access to: fournisseurs - Authenticated: False
Unauthorized access attempt to /fournisseurs/
Checking access to: login - Authenticated: False
Checking access to: login - Authenticated: False
Checking access to: fournisseurs - Authenticated: True
Checking access to: fournisseurs - Authenticated: True
Checking access to: login - Authenticated: True
Checking access to: login - Authenticated: True
Checking access to: login - Authenticated: True
Checking access to: fournisseurs - Authenticated: True
Checking access to: fournisseurs - Authenticated: False
Unauthorized access attempt to /fournisseurs/
Checking access to: fournisseurs - Authenticated: True
Checking access to: fournisseurs - Authenticated: True
Checking access to: login - Authenticated: True
Checking access to: login - Authenticated: True
Checking access to: fournisseurs - Authenticated: True
Checking access to: fournisseurs - Authenticated: False
Unauthorized access attempt to /fournisseurs/
Checking access to: login - Authenticated: False
Checking access to: login - Authenticated: False
Checking access to: login - Authenticated: False
Checking access to: fournisseurs - Authenticated: True
Checking access to: logout - Authenticated: True
Checking access to: login - Authenticated: False
Checking access to: fournisseurs - Authenticated: False
Unauthorized access attempt to /fournisseurs/
Checking access to: login - Authenticated: False
Checking access to: login - Authenticated: False
Checking access to: login - Authenticated: False
Checking access to: password_reset - Authenticated: False
Checking access to: login - Authenticated: False
Checking access to: login - Authenticated: False
Checking access to: login - Authenticated: False
Checking access to: login - Authenticated: False
Checking access to: login - Authenticated: False
Checking access to: login - Authenticated: False
Checking access to: login - Authenticated: False
Checking access to: login - Authenticated: False
Checking access to: login - Authenticated: False
Checking access to: login - Authenticated: False
Checking access to: login - Authenticated: False
Checking access to: login - Authenticated: False
Checking access to: fournisseurs - Authenticated: True
Checking access to: login - Authenticated: True
Checking access to: fournisseurs - Authenticated: True
Checking access to: fournisseurs - Authenticated: True
Checking access to: fournisseurs - Authenticated: False
Unauthorized access attempt to /fournisseurs/
Checking access to: login - Authenticated: False
Checking access to: login - Authenticated: False
Checking access to: fournisseurs - Authenticated: True
Checking access to: fournisseurs - Authenticated: True
Checking access to: fournisseurs - Authenticated: True
Checking access to: fournisseurs - Authenticated: True
Checking access to: fournisseurs - Authenticated: True
Checking access to: fournisseurs - Authenticated: True
Checking access to: fournisseurs - Authenticated: True
Checking access to: modifier_fournisseur - Authenticated: True
Checking access to: supprimer_fournisseur - Authenticated: True
Checking access to: fournisseurs - Authenticated: True
Checking access to: modifier_fournisseur - Authenticated: True
Checking access to: supprimer_fournisseur - Authenticated: True
Checking access to: supprimer_fournisseur - Authenticated: True
Checking access to: fournisseurs - Authenticated: True
Checking access to: blacklist - Authenticated: True
Checking access to: blacklist - Authenticated: True
Checking access to: blacklist - Authenticated: True
Checking access to: blacklist - Authenticated: True
Checking access to: blacklist - Authenticated: True
Checking access to: blacklist - Authenticated: True
Checking access to: blacklist - Authenticated: True
Checking access to: fournisseurs - Authenticated: True
Checking access to: fournisseurs - Authenticated: True
Checking access to: fournisseurs - Authenticated: True
Checking access to: fournisseurs - Authenticated: True
Checking access to: fournisseurs - Authenticated: True
Checking access to: modifier_fournisseur - Authenticated: True
Checking access to: fournisseurs - Authenticated: True
Checking access to: fournisseurs - Authenticated: True
Checking access to: fournisseurs - Authenticated: True
Checking access to: fournisseurs - Authenticated: True
Checking access to: fournisseurs - Authenticated: True
Checking access to: fournisseurs - Authenticated: True
Checking access to: fournisseurs - Authenticated: True
Checking access to: fournisseurs - Authenticated: True
Checking access to: fournisseurs - Authenticated: True
Checking access to: fournisseurs - Authenticated: True
Checking access to: fournisseurs - Authenticated: True
Checking access to: fournisseurs - Authenticated: True
Checking access to: fournisseurs - Authenticated: True
Checking access to: modifier_fournisseur - Authenticated: True
Checking access to: fournisseurs - Authenticated: True
Checking access to: fournisseurs - Authenticated: True
Checking access to: fournisseurs - Authenticated: True
Checking access to: modifier_fournisseur - Authenticated: True
Checking access to: modifier_fournisseur - Authenticated: True
Checking access to: fournisseurs - Authenticated: True
Checking access to: fournisseurs - Authenticated: True
Checking access to: modifier_fournisseur - Authenticated: True
Checking access to: fournisseurs - Authenticated: True
Checking access to: fournisseurs - Authenticated: True
Checking access to: modifier_fournisseur - Authenticated: True
Checking access to: fournisseurs - Authenticated: True
Checking access to: modifier_fournisseur - Authenticated: True
Checking access to: supprimer_fournisseur - Authenticated: True
Checking access to: fournisseurs - Authenticated: True
Checking access to: supprimer_fournisseur - Authenticated: True
Checking access to: supprimer_fournisseur - Authenticated: True
Checking access to: modifier_fournisseur - Authenticated: True
Checking access to: blacklist - Authenticated: True
Checking access to: blacklist - Authenticated: True
Checking access to: fournisseurs - Authenticated: True
Checking access to: blacklist - Authenticated: True
Checking access to: blacklist - Authenticated: True
Checking access to: blacklist - Authenticated: True
Checking access to: blacklist - Authenticated: True
Checking access to: blacklist - Authenticated: True
Checking access to: blacklist - Authenticated: True
Checking access to: blacklist - Authenticated: True
Checking access to: fournisseurs - Authenticated: True
Checking access to: fournisseurs - Authenticated: True
